<?xml version="1.0" encoding="UTF-8"?>
<!-- Generated by org.testng.reporters.JUnitReportReporter -->
<testsuite hostname="Kripalu-Kunj" failures="0" tests="2" name="com.gaurav.mergereports.TestSuite1" time="0.023" errors="0" timestamp="2025-04-20T21:59:16 IST" skipped="0">
  <testcase classname="com.gaurav.mergereports.TestSuite1" name="test1" time="0.020"/>
  <testcase classname="com.gaurav.mergereports.TestSuite1" name="test2" time="0.003"/>
</testsuite> <!-- com.gaurav.mergereports.TestSuite1 -->
