<?xml version="1.0" encoding="UTF-8"?>
<!-- Generated by org.testng.reporters.JUnitReportReporter -->
<testsuite hostname="Kripalu-Kunj" failures="0" tests="3" name="com.gaurav.mergereports.TestSuite2" time="0.020" errors="0" timestamp="2025-04-20T21:54:14 IST" skipped="0">
  <testcase classname="com.gaurav.mergereports.TestSuite2" name="test1" time="0.016"/>
  <testcase classname="com.gaurav.mergereports.TestSuite2" name="test2" time="0.002"/>
  <testcase classname="com.gaurav.mergereports.TestSuite2" name="test3" time="0.002"/>
</testsuite> <!-- com.gaurav.mergereports.TestSuite2 -->
